<?xml version="1.0" encoding="UTF-8"?>
<!-- Generated by org.testng.reporters.JUnitXMLReporter -->
<testsuite hostname="KerioFW" name="password_tes" tests="3" failures="0" timestamp="5 Jun 2015 11:57:27 GMT" time="0.076" errors="0">
  <testcase name="@BeforeClass start_up" time="0.0" classname="password_tes.angel_test">
    <failure type="java.lang.IllegalStateException" message="The path to the driver executable must be set by the webdriver.chrome.driver system property; for more information, see http://code.google.com/p/selenium/wiki/ChromeDriver. The latest version can be downloaded from http://chromedriver.storage.googleapis.com/index.html">
      <![CDATA[java.lang.IllegalStateException: The path to the driver executable must be set by the webdriver.chrome.driver system property; for more information, see http://code.google.com/p/selenium/wiki/ChromeDriver. The latest version can be downloaded from http://chromedriver.storage.googleapis.com/index.html
	at com.google.common.base.Preconditions.checkState(Preconditions.java:197)
	at org.openqa.selenium.remote.service.DriverService.findExecutable(DriverService.java:110)
	at org.openqa.selenium.chrome.ChromeDriverService.access$000(ChromeDriverService.java:32)
	at org.openqa.selenium.chrome.ChromeDriverService$Builder.findDefaultExecutable(ChromeDriverService.java:118)
	at org.openqa.selenium.remote.service.DriverService$Builder.build(DriverService.java:291)
	at org.openqa.selenium.chrome.ChromeDriverService.createDefaultService(ChromeDriverService.java:82)
	at org.openqa.selenium.chrome.ChromeDriver.<init>(ChromeDriver.java:117)
	at password_tes.angel_test.start_up(angel_test.java:33)
... Removed 24 stack frames]]>
    </failure>
  </testcase> <!-- @BeforeClass start_up -->
  <testcase name="@AfterClass shut_down" time="0.0" classname="password_tes.angel_test">
    <skipped/>
  </testcase> <!-- @AfterClass shut_down -->
  <testcase name="testEquals" time="0.001" classname="password_tes.angel_test">
    <skipped/>
  </testcase> <!-- testEquals -->
  <testcase name="testGenerationPassword" time="0.0" classname="password_tes.angel_test">
    <skipped/>
  </testcase> <!-- testGenerationPassword -->
  <testcase name="testSuffix" time="0.0" classname="password_tes.angel_test">
    <skipped/>
  </testcase> <!-- testSuffix -->
</testsuite> <!-- password_tes -->
